D:\WORKSPACE\WORKSPACEVS\稳像尝试\SIMPLEVIDEOSTABILIZER\SIMPLEVIDEOSTABILIZER\DEBUG\VC110.PDB
D:\WORKSPACE\WORKSPACEVS\稳像尝试\SIMPLEVIDEOSTABILIZER\SIMPLEVIDEOSTABILIZER\DEBUG\MAIN.OBJ
D:\WORKSPACE\WORKSPACEVS\稳像尝试\SIMPLEVIDEOSTABILIZER\DEBUG\SIMPLEVIDEOSTABILIZER.ILK
D:\WORKSPACE\WORKSPACEVS\稳像尝试\SIMPLEVIDEOSTABILIZER\DEBUG\SIMPLEVIDEOSTABILIZER.EXE
D:\WORKSPACE\WORKSPACEVS\稳像尝试\SIMPLEVIDEOSTABILIZER\DEBUG\SIMPLEVIDEOSTABILIZER.PDB
D:\WorkSpace\WorkSpaceVS\稳像尝试\SimpleVideoStabilizer\SimpleVideoStabilizer\Debug\main.obj
D:\WorkSpace\WorkSpaceVS\稳像尝试\SimpleVideoStabilizer\SimpleVideoStabilizer\Debug\cl.command.1.tlog
D:\WorkSpace\WorkSpaceVS\稳像尝试\SimpleVideoStabilizer\SimpleVideoStabilizer\Debug\CL.read.1.tlog
D:\WorkSpace\WorkSpaceVS\稳像尝试\SimpleVideoStabilizer\SimpleVideoStabilizer\Debug\CL.write.1.tlog
D:\WorkSpace\WorkSpaceVS\稳像尝试\SimpleVideoStabilizer\SimpleVideoStabilizer\Debug\link-cvtres.read.1.tlog
D:\WorkSpace\WorkSpaceVS\稳像尝试\SimpleVideoStabilizer\SimpleVideoStabilizer\Debug\link-cvtres.write.1.tlog
D:\WorkSpace\WorkSpaceVS\稳像尝试\SimpleVideoStabilizer\SimpleVideoStabilizer\Debug\link-rc.read.1.tlog
D:\WorkSpace\WorkSpaceVS\稳像尝试\SimpleVideoStabilizer\SimpleVideoStabilizer\Debug\link-rc.write.1.tlog
D:\WorkSpace\WorkSpaceVS\稳像尝试\SimpleVideoStabilizer\SimpleVideoStabilizer\Debug\link.command.1.tlog
D:\WorkSpace\WorkSpaceVS\稳像尝试\SimpleVideoStabilizer\SimpleVideoStabilizer\Debug\link.read.1.tlog
D:\WorkSpace\WorkSpaceVS\稳像尝试\SimpleVideoStabilizer\SimpleVideoStabilizer\Debug\link.write.1.tlog
D:\WorkSpace\WorkSpaceVS\稳像尝试\SimpleVideoStabilizer\SimpleVideoStabilizer\Debug\vc110.idb
D:\WorkSpace\WorkSpaceVS\稳像尝试\SimpleVideoStabilizer\SimpleVideoStabilizer\Debug\vc110.pdb
D:\WorkSpace\WorkSpaceVS\稳像尝试\SimpleVideoStabilizer\Debug\SimpleVideoStabilizer.pdb
D:\WorkSpace\WorkSpaceVS\稳像尝试\SimpleVideoStabilizer\Debug\SimpleVideoStabilizer.exe
D:\WorkSpace\WorkSpaceVS\稳像尝试\SimpleVideoStabilizer\Debug\SimpleVideoStabilizer.ilk
