生成启动时间为 2016/8/11 21:49:39。
     1>项目“D:\WorkSpace\WorkSpaceGitHub\BridgeWarmingSystem\GetPoint\GetPoint\GetPoint.vcxproj”在节点 2 上(Build 个目标)。
     1>ClCompile:
         D:\VS\VS2012\VC\bin\CL.exe /c /ZI /nologo /W3 /WX- /sdl /Od /Oy- /D WIN32 /D _WINDOWS /D _DEBUG /D _CRT_SECURE_NO_WARNINGS /D _MBCS /D _AFXDLL /Gm /EHsc /RTC1 /MDd /GS /fp:precise /Zc:wchar_t /Zc:forScope /Yu"stdafx.h" /Fp"Debug\GetPoint.pch" /Fo"Debug\\" /Fd"Debug\vc110.pdb" /Gd /TP /analyze- /errorReport:prompt CalMatrix.cpp GetPoint.cpp GetPointDlg.cpp
         GetPointDlg.cpp
     1>d:\opencv\opencv\build\include\opencv2\core\mat.hpp(1965): warning C4819: 该文件包含不能在当前代码页(936)中表示的字符。请将该文件保存为 Unicode 格式以防止数据丢失
     1>d:\opencv\opencv\build\include\opencv2\core\persistence.hpp : warning C4819: 该文件包含不能在当前代码页(936)中表示的字符。请将该文件保存为 Unicode 格式以防止数据丢失
     1>d:\opencv\opencv\build\include\opencv2\core\utility.hpp : warning C4819: 该文件包含不能在当前代码页(936)中表示的字符。请将该文件保存为 Unicode 格式以防止数据丢失
         CalMatrix.cpp
     1>d:\opencv\opencv\build\include\opencv2\core\mat.hpp(1965): warning C4819: 该文件包含不能在当前代码页(936)中表示的字符。请将该文件保存为 Unicode 格式以防止数据丢失
     1>d:\opencv\opencv\build\include\opencv2\core\persistence.hpp : warning C4819: 该文件包含不能在当前代码页(936)中表示的字符。请将该文件保存为 Unicode 格式以防止数据丢失
     1>d:\opencv\opencv\build\include\opencv2\core\utility.hpp : warning C4819: 该文件包含不能在当前代码页(936)中表示的字符。请将该文件保存为 Unicode 格式以防止数据丢失
     1>d:\workspace\workspacegithub\bridgewarmingsystem\getpoint\getpoint\calmatrix.cpp(27): warning C4244: “参数”: 从“double”转换到“int”，可能丢失数据
     1>d:\workspace\workspacegithub\bridgewarmingsystem\getpoint\getpoint\calmatrix.cpp(28): warning C4244: “参数”: 从“double”转换到“int”，可能丢失数据
     1>d:\workspace\workspacegithub\bridgewarmingsystem\getpoint\getpoint\calmatrix.cpp(29): warning C4244: “参数”: 从“double”转换到“int”，可能丢失数据
     1>d:\workspace\workspacegithub\bridgewarmingsystem\getpoint\getpoint\calmatrix.cpp(30): warning C4244: “参数”: 从“double”转换到“int”，可能丢失数据
     1>d:\workspace\workspacegithub\bridgewarmingsystem\getpoint\getpoint\calmatrix.cpp(122): warning C4244: “=”: 从“long”转换到“float”，可能丢失数据
     1>d:\workspace\workspacegithub\bridgewarmingsystem\getpoint\getpoint\calmatrix.cpp(123): warning C4244: “=”: 从“long”转换到“float”，可能丢失数据
     1>d:\workspace\workspacegithub\bridgewarmingsystem\getpoint\getpoint\calmatrix.cpp(124): warning C4244: “=”: 从“long”转换到“float”，可能丢失数据
     1>d:\workspace\workspacegithub\bridgewarmingsystem\getpoint\getpoint\calmatrix.cpp(231): warning C4244: “=”: 从“float”转换到“uchar”，可能丢失数据
     1>d:\workspace\workspacegithub\bridgewarmingsystem\getpoint\getpoint\calmatrix.cpp(344): warning C4244: “=”: 从“double”转换到“float”，可能丢失数据
     1>d:\workspace\workspacegithub\bridgewarmingsystem\getpoint\getpoint\calmatrix.cpp(345): warning C4244: “=”: 从“double”转换到“float”，可能丢失数据
     1>d:\workspace\workspacegithub\bridgewarmingsystem\getpoint\getpoint\calmatrix.cpp(443): warning C4244: “=”: 从“double”转换到“float”，可能丢失数据
     1>d:\workspace\workspacegithub\bridgewarmingsystem\getpoint\getpoint\calmatrix.cpp(444): warning C4244: “=”: 从“double”转换到“float”，可能丢失数据
         正在生成代码...
         正在跳过...(未检测到相关更改)
         GetPoint.cpp
       Link:
         D:\VS\VS2012\VC\bin\link.exe /ERRORREPORT:PROMPT /OUT:"D:\WorkSpace\WorkSpaceGitHub\BridgeWarmingSystem\GetPoint\Debug\GetPoint.exe" /INCREMENTAL /NOLOGO opencv_ts300d.lib opencv_world300d.lib IlmImfd.lib libjasperd.lib libjpegd.lib libpngd.lib libtiffd.lib libwebpd.lib opencv_calib3d300d.lib opencv_core300d.lib opencv_features2d300d.lib opencv_flann300d.lib opencv_highgui300d.lib opencv_imgcodecs300d.lib opencv_imgproc300d.lib opencv_ml300d.lib opencv_objdetect300d.lib opencv_photo300d.lib opencv_shape300d.lib opencv_stitching300d.lib opencv_superres300d.lib opencv_video300d.lib opencv_videoio300d.lib opencv_videostab300d.lib zlibd.lib /MANIFEST /MANIFESTUAC:"level='asInvoker' uiAccess='false'" /manifest:embed /manifestinput:D:\VS\VS2012\VC\Include\Manifest\dpiaware.manifest /DEBUG /PDB:"D:\WorkSpace\WorkSpaceGitHub\BridgeWarmingSystem\GetPoint\Debug\GetPoint.pdb" /SUBSYSTEM:WINDOWS /TLBID:1 /DYNAMICBASE /NXCOMPAT /IMPLIB:"D:\WorkSpace\WorkSpaceGitHub\BridgeWarmingSystem\GetPoint\Debug\GetPoint.lib" /MACHINE:X86 Debug\GetPoint.res
         Debug\Calcoordinate.obj
         Debug\CalMatrix.obj
         Debug\CvvImage.obj
         Debug\GetPoint.obj
         Debug\GetPointDlg.obj
         Debug\stdafx.obj
         GetPoint.vcxproj -> D:\WorkSpace\WorkSpaceGitHub\BridgeWarmingSystem\GetPoint\Debug\GetPoint.exe
     1>已完成生成项目“D:\WorkSpace\WorkSpaceGitHub\BridgeWarmingSystem\GetPoint\GetPoint\GetPoint.vcxproj”(Build 个目标)的操作。

生成成功。

已用时间 00:00:06.11
