D:\WORKSPACE\WORKSPACEVS\GETPOINT\GETPOINT\DEBUG\GETPOINT.PCH
D:\WORKSPACE\WORKSPACEVS\GETPOINT\GETPOINT\DEBUG\STDAFX.OBJ
D:\WORKSPACE\WORKSPACEVS\GETPOINT\GETPOINT\DEBUG\VC110.PDB
D:\WORKSPACE\WORKSPACEVS\GETPOINT\GETPOINT\DEBUG\CALCOORDINATE.OBJ
D:\WORKSPACE\WORKSPACEVS\GETPOINT\GETPOINT\DEBUG\CALMATRIX.OBJ
D:\WORKSPACE\WORKSPACEVS\GETPOINT\GETPOINT\DEBUG\CVVIMAGE.OBJ
D:\WORKSPACE\WORKSPACEVS\GETPOINT\GETPOINT\DEBUG\GETPOINT.OBJ
D:\WORKSPACE\WORKSPACEVS\GETPOINT\GETPOINT\DEBUG\GETPOINTDLG.OBJ
D:\WORKSPACE\WORKSPACEVS\GETPOINT\GETPOINT\DEBUG\GETPOINT.RES
D:\WorkSpace\WorkSpaceVS\GetPoint\GetPoint\Debug\Calcoordinate.obj
D:\WorkSpace\WorkSpaceVS\GetPoint\GetPoint\Debug\CalMatrix.obj
D:\WorkSpace\WorkSpaceVS\GetPoint\GetPoint\Debug\CvvImage.obj
D:\WorkSpace\WorkSpaceVS\GetPoint\GetPoint\Debug\GetPoint.obj
D:\WorkSpace\WorkSpaceVS\GetPoint\GetPoint\Debug\GetPointDlg.obj
D:\WorkSpace\WorkSpaceVS\GetPoint\GetPoint\Debug\stdafx.obj
D:\WorkSpace\WorkSpaceVS\GetPoint\GetPoint\Debug\cl.command.1.tlog
D:\WorkSpace\WorkSpaceVS\GetPoint\GetPoint\Debug\CL.read.1.tlog
D:\WorkSpace\WorkSpaceVS\GetPoint\GetPoint\Debug\CL.write.1.tlog
D:\WorkSpace\WorkSpaceVS\GetPoint\GetPoint\Debug\link-cvtres.read.1.tlog
D:\WorkSpace\WorkSpaceVS\GetPoint\GetPoint\Debug\link-cvtres.write.1.tlog
D:\WorkSpace\WorkSpaceVS\GetPoint\GetPoint\Debug\link-mt.read.1.tlog
D:\WorkSpace\WorkSpaceVS\GetPoint\GetPoint\Debug\link-mt.write.1.tlog
D:\WorkSpace\WorkSpaceVS\GetPoint\GetPoint\Debug\link-rc.read.1.tlog
D:\WorkSpace\WorkSpaceVS\GetPoint\GetPoint\Debug\link-rc.write.1.tlog
D:\WorkSpace\WorkSpaceVS\GetPoint\GetPoint\Debug\link.3288-cvtres.read.1.tlog
D:\WorkSpace\WorkSpaceVS\GetPoint\GetPoint\Debug\link.3288-cvtres.write.1.tlog
D:\WorkSpace\WorkSpaceVS\GetPoint\GetPoint\Debug\link.3288-mt.read.1.tlog
D:\WorkSpace\WorkSpaceVS\GetPoint\GetPoint\Debug\link.3288-mt.write.1.tlog
D:\WorkSpace\WorkSpaceVS\GetPoint\GetPoint\Debug\link.3288-rc.read.1.tlog
D:\WorkSpace\WorkSpaceVS\GetPoint\GetPoint\Debug\link.3288-rc.write.1.tlog
D:\WorkSpace\WorkSpaceVS\GetPoint\GetPoint\Debug\link.3288.read.1.tlog
D:\WorkSpace\WorkSpaceVS\GetPoint\GetPoint\Debug\link.3288.write.1.tlog
D:\WorkSpace\WorkSpaceVS\GetPoint\GetPoint\Debug\link.5996-cvtres.read.1.tlog
D:\WorkSpace\WorkSpaceVS\GetPoint\GetPoint\Debug\link.5996-cvtres.write.1.tlog
D:\WorkSpace\WorkSpaceVS\GetPoint\GetPoint\Debug\link.5996-mt.read.1.tlog
D:\WorkSpace\WorkSpaceVS\GetPoint\GetPoint\Debug\link.5996-mt.write.1.tlog
D:\WorkSpace\WorkSpaceVS\GetPoint\GetPoint\Debug\link.5996-rc.read.1.tlog
D:\WorkSpace\WorkSpaceVS\GetPoint\GetPoint\Debug\link.5996-rc.write.1.tlog
D:\WorkSpace\WorkSpaceVS\GetPoint\GetPoint\Debug\link.5996.read.1.tlog
D:\WorkSpace\WorkSpaceVS\GetPoint\GetPoint\Debug\link.5996.write.1.tlog
D:\WorkSpace\WorkSpaceVS\GetPoint\GetPoint\Debug\link.command.1.tlog
D:\WorkSpace\WorkSpaceVS\GetPoint\GetPoint\Debug\link.read.1.tlog
D:\WorkSpace\WorkSpaceVS\GetPoint\GetPoint\Debug\link.write.1.tlog
D:\WorkSpace\WorkSpaceVS\GetPoint\GetPoint\Debug\rc.command.1.tlog
D:\WorkSpace\WorkSpaceVS\GetPoint\GetPoint\Debug\rc.read.1.tlog
D:\WorkSpace\WorkSpaceVS\GetPoint\GetPoint\Debug\rc.write.1.tlog
D:\WorkSpace\WorkSpaceVS\GetPoint\GetPoint\Debug\GetPoint.res
D:\WorkSpace\WorkSpaceVS\GetPoint\GetPoint\Debug\GetPoint.pch
D:\WorkSpace\WorkSpaceVS\GetPoint\GetPoint\Debug\vc110.idb
D:\WorkSpace\WorkSpaceVS\GetPoint\GetPoint\Debug\vc110.pdb
D:\WorkSpace\WorkSpaceVS\GetPoint\Debug\GetPoint.pdb
